<?xml version="1.0" encoding="UTF-8"?>
<testsuite xmlns:xsi="http://www.w3.org/2001/XMLSchema-instance" xsi:noNamespaceSchemaLocation="https://maven.apache.org/surefire/maven-surefire-plugin/xsd/surefire-test-report-3.0.xsd" version="3.0" name="com.yasnitskiy.spring_introduction.SpringCourseApplicationTests" time="2.219" tests="1" errors="0" skipped="0" failures="0">
  <properties>
[...]
</properties>
  <testcase name="contextLoads" classname="com.yasnitskiy.spring_introduction.SpringCourseApplicationTests" time="1.025">
    <system-out><![CDATA[11:50:51.453 [main] INFO org.springframework.test.context.support.AnnotationConfigContextLoaderUtils -- Could not detect default configuration classes for test class [com.yasnitskiy.spring_introduction.SpringCourseApplicationTests]: SpringCourseApplicationTests does not declare any static, non-private, non-final, nested classes annotated with @Configuration.
11:50:51.557 [main] INFO org.springframework.boot.test.context.SpringBootTestContextBootstrapper -- Found @SpringBootConfiguration com.yasnitskiy.spring_introduction.SpringCourseApplication for test class com.yasnitskiy.spring_introduction.SpringCourseApplicationTests

  .   ____          _            __ _ _
 /\\ / ___'_ __ _ _(_)_ __  __ _ \ \ \ \
( ( )\___ | '_ | '_| | '_ \/ _` | \ \ \ \
 \\/  ___)| |_)| | | | | || (_| |  ) ) ) )
  '  |____| .__|_| |_|_| |_\__, | / / / /
 =========|_|==============|___/=/_/_/_/
 :: Spring Boot ::                (v3.1.5)

2024-01-05T11:50:51.934+05:00  INFO 10496 --- [           main] c.y.s.SpringCourseApplicationTests       : Starting SpringCourseApplicationTests using Java 17.0.9 with PID 10496 (started by yasni in D:\YandexDisc\Orbita\GIT_WORK\SpringBoot_Lessons\CourseHunter\Lessons_solving\Lesson_1)
2024-01-05T11:50:51.935+05:00  INFO 10496 --- [           main] c.y.s.SpringCourseApplicationTests       : No active profile set, falling back to 1 default profile: "default"
Cat bean is created
Person bean is created
2024-01-05T11:50:52.444+05:00  INFO 10496 --- [           main] c.y.s.SpringCourseApplicationTests       : Started SpringCourseApplicationTests in 0.744 seconds (process running for 2.273)
]]></system-out>
  </testcase>
</testsuite>